
 Matrix multiplication sizes
  dim1 = 512
  dim  = 46080
  size of matrices = (46080, 46080)
  size of blocks = (512, 512)

Computing matrix multiplication on host (it can take long) ... done!

Selecting OpenCL device (PLATFORM_ID=0, DEVICE_ID=0)
  Platform: Intel(R) FPGA SDK for OpenCL(TM)
  Device: p520_max_sg280l : BittWare Stratix 10 OpenCL platform (aclbitt_s10_pcie0)

Loading bitstream form FINAL/3kernels/krnl_cannon-s1.aocx ...
MMD INFO : Disabling SmartVID (fix) polling
MMD INFO : Enabling SmartVID (fix) polling

Kernel creation
  krnl_cannon_0: OK
  krnl_cannon_1: OK
  krnl_cannon_2: OK

Set arguments
  krnl_cannon_0:		OK
  krnl_cannon_1:		OK
  krnl_cannon_2:		OK

Kernel execution start
Kernel execution finish

Kernel times [ns]
  krnl_cannon_0: start=1659041751364489	stop=1659268578875251	elapsed=226827510762
  krnl_cannon_1: start=1659041751381045	stop=1659268579335656	elapsed=226827954611
  krnl_cannon_2: start=1659041751397111	stop=1659268579464104	elapsed=226828066993

Result check

  Floating-point class output summary
    #NaNs:	0 (0 %)
    #infs:	0 (0 %)
    #normals:	2123366400 (100 %)
    #subnormals:	0 (0 %)
    #zeros:	0 (0 %)

  Correctness
    Max ULP distance: 10  at position: (22, 29801)  host: 11491.7  fpga: 11491.69
    ULP distance: min(0) max(10) mean(1.362191)

    Max relative error: 8.520057e-07  at position: (41890, 40574)  host: 11461.92  fpga: 11461.92

Kernels performances
  Overall kernel execution time: 226828099615 ns
  Overall kernel floating-point performance: 862.712 GFLOPS
